<?xml version="1.0" encoding="UTF-8"?>
<!-- Generated by org.testng.reporters.JUnitReportReporter -->
<testsuite hostname="BDC4B-D-5NNHVQ1" name="testng.SampleTest" tests="3" failures="0" timestamp="18 Dec 2015 06:08:51 GMT" time="0.025" errors="0">
  <testcase name="sampleTest" time="0.005" classname="testng.SampleTest"/>
  <testcase name="wowtotest" time="0.003" classname="testng.SampleTest"/>
  <testcase name="newTest" time="0.017" classname="testng.SampleTest"/>
</testsuite> <!-- testng.SampleTest -->
